<?xml version="1.0" encoding="UTF-8"?>
<!-- Generated by org.testng.reporters.JUnitReportReporter -->
<testsuite skipped="0" hostname="NITISH" name="MytestNG.DataDrivenFramework" tests="3" failures="0" timestamp="08 Jul 2018 15:44:27 GMT" time="52.720" errors="0">
  <testcase name="Login" time="20.785" classname="MytestNG.DataDrivenFramework"/>
  <testcase name="Login" time="12.618" classname="MytestNG.DataDrivenFramework"/>
  <testcase name="Login" time="19.317" classname="MytestNG.DataDrivenFramework"/>
</testsuite> <!-- MytestNG.DataDrivenFramework -->
