<?xml version="1.0" encoding="UTF-8"?>
<!-- Generated by org.testng.reporters.JUnitReportReporter -->
<testsuite skipped="0" hostname="NITISH" name="projectSpiceJet.OpenURL" tests="1" failures="0" timestamp="28 Jun 2018 12:13:19 GMT" time="20.918" errors="0">
  <testcase name="OpenURl" time="20.918" classname="projectSpiceJet.OpenURL"/>
</testsuite> <!-- projectSpiceJet.OpenURL -->
