<?xml version="1.0" encoding="UTF-8"?>
<!-- Generated by org.testng.reporters.JUnitReportReporter -->
<testsuite skipped="0" hostname="NITISH" name="MytestNG.PractiseTestNG" tests="2" failures="0" timestamp="03 Jul 2018 09:22:19 GMT" time="0.008" errors="0">
  <testcase name="testCase1" time="0.006" classname="MytestNG.PractiseTestNG"/>
  <testcase name="testCase2" time="0.002" classname="MytestNG.PractiseTestNG"/>
</testsuite> <!-- MytestNG.PractiseTestNG -->
