<?xml version="1.0" encoding="UTF-8"?>
<!-- Generated by org.testng.reporters.JUnitReportReporter -->
<testsuite skipped="0" hostname="NITISH" name="projectIRCTC.SignUp" tests="1" failures="0" timestamp="03 Jul 2018 17:20:40 GMT" time="0.414" errors="0">
  <testcase name="OpenSignUpWindow" time="0.414" classname="projectIRCTC.SignUp"/>
</testsuite> <!-- projectIRCTC.SignUp -->
