<?xml version="1.0" encoding="UTF-8"?>
<!-- Generated by org.testng.reporters.JUnitReportReporter -->
<testsuite skipped="0" hostname="NITISH" name="projectSpiceJet.HomePage" tests="3" failures="0" timestamp="30 Jun 2018 10:52:27 GMT" time="47.296" errors="0">
  <testcase name="OpenURl" time="13.656" classname="projectSpiceJet.HomePage"/>
  <testcase name="searchFlight" time="33.611" classname="projectSpiceJet.HomePage"/>
  <testcase name="PageTitle" time="0.029" classname="projectSpiceJet.HomePage"/>
</testsuite> <!-- projectSpiceJet.HomePage -->
