<?xml version="1.0" encoding="UTF-8"?>
<!-- Generated by org.testng.reporters.JUnitReportReporter -->
<testsuite skipped="0" hostname="NITISH" name="testNG_Annotations.TestClass1" tests="2" failures="0" timestamp="03 Jul 2018 15:59:29 GMT" time="0.000" errors="0">
  <testcase name="myTestMethod2" time="0.000" classname="testNG_Annotations.TestClass1"/>
  <testcase name="myTestMethod1" time="0.000" classname="testNG_Annotations.TestClass1"/>
</testsuite> <!-- testNG_Annotations.TestClass1 -->
