<?xml version="1.0" encoding="UTF-8"?>
<!-- Generated by org.testng.reporters.JUnitReportReporter -->
<testsuite skipped="0" hostname="NITISH" name="pageObjectModel.VerifyLogin" tests="1" failures="0" timestamp="11 Jul 2018 17:43:43 GMT" time="40.867" errors="0">
  <testcase name="entercredentials" time="40.867" classname="pageObjectModel.VerifyLogin"/>
</testsuite> <!-- pageObjectModel.VerifyLogin -->
