<?xml version="1.0" encoding="UTF-8"?>
<!-- Generated by org.testng.reporters.JUnitReportReporter -->
<testsuite skipped="0" hostname="NITISH" name="Project3.IrctcLogin" tests="1" failures="0" timestamp="16 Jun 2018 08:25:55 GMT" time="0.018" errors="0">
  <testcase name="test" time="0.018" classname="Project3.IrctcLogin"/>
</testsuite> <!-- Project3.IrctcLogin -->
