<?xml version="1.0" encoding="UTF-8"?>
<!-- Generated by org.testng.reporters.JUnitReportReporter -->
<testsuite skipped="0" hostname="NITISH" name="projectSpiceJet.SignUp" tests="2" failures="0" timestamp="08 Jul 2018 12:41:09 GMT" time="9.731" errors="0">
  <testcase name="OpenURl" time="9.427" classname="projectSpiceJet.SignUp"/>
  <testcase name="ClickSignUp" time="0.304" classname="projectSpiceJet.SignUp"/>
</testsuite> <!-- projectSpiceJet.SignUp -->
