<?xml version="1.0" encoding="UTF-8"?>
<!-- Generated by org.testng.reporters.JUnitReportReporter -->
<testsuite skipped="0" hostname="NITISH" name="projectIRCTC.launchWebsite" tests="1" failures="0" timestamp="03 Jul 2018 16:41:58 GMT" time="17.959" errors="0">
  <testcase name="Openwebsite" time="17.959" classname="projectIRCTC.launchWebsite"/>
</testsuite> <!-- projectIRCTC.launchWebsite -->
