<?xml version="1.0" encoding="UTF-8"?>
<!-- Generated by org.testng.reporters.JUnitReportReporter -->
<testsuite skipped="0" hostname="NITISH" name="testNG_Annotations.TestClass2" tests="4" failures="0" timestamp="03 Jul 2018 15:59:29 GMT" time="0.016" errors="0">
  <testcase name="myTestMethod3" time="0.000" classname="testNG_Annotations.TestClass2"/>
  <testcase name="myTestMethod3" time="0.000" classname="testNG_Annotations.TestClass2"/>
  <testcase name="myTestMethod4" time="0.016" classname="testNG_Annotations.TestClass2"/>
  <testcase name="myTestMethod4" time="0.000" classname="testNG_Annotations.TestClass2"/>
</testsuite> <!-- testNG_Annotations.TestClass2 -->
